<?xml version="1.0" encoding="UTF-8"?>
<!-- Generated by org.testng.reporters.JUnitReportReporter -->
<testsuite skipped="0" hostname="GC-lenovo" name="homepagetest.TestMenu" tests="1" failures="0" timestamp="29 Apr 2018 02:17:02 GMT" time="13.003" errors="0">
  <testcase name="testMenu" time="13.003" classname="homepagetest.TestMenu"/>
</testsuite> <!-- homepagetest.TestMenu -->
