<?xml version="1.0" encoding="UTF-8"?>
<!-- Generated by org.testng.reporters.JUnitReportReporter -->
<testsuite skipped="0" hostname="GC-lenovo" name="homepagetest.TestSearch" tests="2" failures="0" timestamp="29 Apr 2018 02:17:02 GMT" time="30.561" errors="0">
  <testcase name="search" time="13.351" classname="homepagetest.TestSearch"/>
  <testcase name="testSeartch" time="17.210" classname="homepagetest.TestSearch"/>
</testsuite> <!-- homepagetest.TestSearch -->
