<?xml version="1.0" encoding="UTF-8"?>
<!-- Generated by org.testng.reporters.JUnitReportReporter -->
<testsuite skipped="0" hostname="GC-lenovo" name="homepagetest.TestSearch" tests="2" failures="0" timestamp="29 Apr 2018 05:15:56 GMT" time="31.277" errors="0">
  <testcase name="testSeartch" time="20.818" classname="homepagetest.TestSearch"/>
  <testcase name="search" time="10.459" classname="homepagetest.TestSearch"/>
</testsuite> <!-- homepagetest.TestSearch -->
