<?xml version="1.0" encoding="UTF-8"?>
<!-- Generated by org.testng.reporters.JUnitReportReporter -->
<testsuite skipped="0" hostname="GC-lenovo" name="homepagetest.TestSearch" tests="2" failures="0" timestamp="29 Apr 2018 13:48:04 GMT" time="34.924" errors="0">
  <testcase name="testSeartch" time="19.842" classname="homepagetest.TestSearch"/>
  <testcase name="search" time="15.082" classname="homepagetest.TestSearch"/>
</testsuite> <!-- homepagetest.TestSearch -->
